-------------------------------------------------------------------------------
Test set: lt.code.academy.hospitalityecoshopapi.HospitalityEcoShopApiApplicationTests
-------------------------------------------------------------------------------
Tests run: 1, Failures: 0, Errors: 1, Skipped: 0, Time elapsed: 9.379 s <<< FAILURE! - in lt.code.academy.hospitalityecoshopapi.HospitalityEcoShopApiApplicationTests
contextLoads  Time elapsed: 0.007 s  <<< ERROR!
java.lang.IllegalStateException: Failed to load ApplicationContext for [WebMergedContextConfiguration@50b78155 testClass = lt.code.academy.hospitalityecoshopapi.HospitalityEcoShopApiApplicationTests, locations = [], classes = [lt.code.academy.hospitalityecoshopapi.HospitalityEcoShopApiApplication], contextInitializerClasses = [], activeProfiles = [], propertySourceLocations = [], propertySourceProperties = ["org.springframework.boot.test.context.SpringBootTestContextBootstrapper=true"], contextCustomizers = [org.springframework.boot.test.context.filter.ExcludeFilterContextCustomizer@272113c4, org.springframework.boot.test.json.DuplicateJsonObjectContextCustomizerFactory$DuplicateJsonObjectContextCustomizer@3f6f6701, org.springframework.boot.test.mock.mockito.MockitoContextCustomizer@0, org.springframework.boot.test.web.client.TestRestTemplateContextCustomizer@18df8434, org.springframework.boot.test.autoconfigure.actuate.observability.ObservabilityContextCustomizerFactory$DisableObservabilityContextCustomizer@9da1, org.springframework.boot.test.autoconfigure.properties.PropertyMappingContextCustomizer@0, org.springframework.boot.test.autoconfigure.web.servlet.WebDriverContextCustomizerFactory$Customizer@7526515b, org.springframework.boot.test.context.SpringBootTestAnnotation@4a6b257f], resourceBasePath = "src/main/webapp", contextLoader = org.springframework.boot.test.context.SpringBootContextLoader, parent = null]
Caused by: org.springframework.beans.factory.BeanCreationException: Error creating bean with name 'dataSourceScriptDatabaseInitializer' defined in class path resource [org/springframework/boot/autoconfigure/sql/init/DataSourceInitializationConfiguration.class]: Failed to execute SQL script statement #1 of class path resource [db/data.sql]: INSERT INTO PRODUCTS(id, name, category, description, quantity, price) VALUES ('123', 'Iphone 13', 'Phone', 'Very cheap phone', 50, 1999.99), ('124', 'Samsung Z3', 'Phone', 'Cheap samsung phone', 50, 1239.99), ('125', 'SmartTV', 'TV', 'LG smart tv', 10, 999.21), ('126', 'Samsung  20', 'Phone', 'Very large phone', 5, 1299.99), ('127', 'iPhone 13', 'Phone', 'iPhone 13. The most advanced dual-camera system ever on iPhone. Lightning-fast A15 Bionic chip. A big leap in battery life. Durable design. Superfast 5G.1 And a brighter Super Retina XDR display.', 29, 1199.00), ('128', 'SAMSUNG Galaxy S22', 'Phone', 'The Samsung Galaxy S22 sets a new epic standard with 8K video capture, the highest recording resolution available on a smartphone.', 25, 899.99), ('129', 'APPLE iPhone 13 mini', 'Phone', 'iPhone 13 mini. The most advanced dual-camera system ever on iPhone. Lightning-fast A15 Bionic chip. A leap in battery life. Durable design. Superfast 5G.1 And a brighter Super Retina XDR display.', 99, 799.21)
Caused by: org.springframework.jdbc.datasource.init.ScriptStatementFailedException: Failed to execute SQL script statement #1 of class path resource [db/data.sql]: INSERT INTO PRODUCTS(id, name, category, description, quantity, price) VALUES ('123', 'Iphone 13', 'Phone', 'Very cheap phone', 50, 1999.99), ('124', 'Samsung Z3', 'Phone', 'Cheap samsung phone', 50, 1239.99), ('125', 'SmartTV', 'TV', 'LG smart tv', 10, 999.21), ('126', 'Samsung  20', 'Phone', 'Very large phone', 5, 1299.99), ('127', 'iPhone 13', 'Phone', 'iPhone 13. The most advanced dual-camera system ever on iPhone. Lightning-fast A15 Bionic chip. A big leap in battery life. Durable design. Superfast 5G.1 And a brighter Super Retina XDR display.', 29, 1199.00), ('128', 'SAMSUNG Galaxy S22', 'Phone', 'The Samsung Galaxy S22 sets a new epic standard with 8K video capture, the highest recording resolution available on a smartphone.', 25, 899.99), ('129', 'APPLE iPhone 13 mini', 'Phone', 'iPhone 13 mini. The most advanced dual-camera system ever on iPhone. Lightning-fast A15 Bionic chip. A leap in battery life. Durable design. Superfast 5G.1 And a brighter Super Retina XDR display.', 99, 799.21)
Caused by: org.h2.jdbc.JdbcSQLDataException: 
Data conversion error converting "'123' (PRODUCTS: ""ID"" UUID NOT NULL)"; SQL statement:
INSERT INTO PRODUCTS(id, name, category, description, quantity, price) VALUES ('123', 'Iphone 13', 'Phone', 'Very cheap phone', 50, 1999.99), ('124', 'Samsung Z3', 'Phone', 'Cheap samsung phone', 50, 1239.99), ('125', 'SmartTV', 'TV', 'LG smart tv', 10, 999.21), ('126', 'Samsung  20', 'Phone', 'Very large phone', 5, 1299.99), ('127', 'iPhone 13', 'Phone', 'iPhone 13. The most advanced dual-camera system ever on iPhone. Lightning-fast A15 Bionic chip. A big leap in battery life. Durable design. Superfast 5G.1 And a brighter Super Retina XDR display.', 29, 1199.00), ('128', 'SAMSUNG Galaxy S22', 'Phone', 'The Samsung Galaxy S22 sets a new epic standard with 8K video capture, the highest recording resolution available on a smartphone.', 25, 899.99), ('129', 'APPLE iPhone 13 mini', 'Phone', 'iPhone 13 mini. The most advanced dual-camera system ever on iPhone. Lightning-fast A15 Bionic chip. A leap in battery life. Durable design. Superfast 5G.1 And a brighter Super Retina XDR display.', 99, 799.21) [22018-214]
Caused by: org.h2.message.DbException: Data conversion error converting "123" [22018-214]
Caused by: org.h2.jdbc.JdbcSQLDataException: Data conversion error converting "123" [22018-214]

